This is pdfTeX, Version 3.14159265-2.6-1.40.17 (TeX Live 2016) (preloaded format=pdflatex 2017.5.6)  14 DEC 2017 20:49
entering extended mode
 restricted \write18 enabled.
 file:line:error style messages enabled.
 %&-line parsing enabled.
**main.tex
(./main.tex
LaTeX2e <2016/03/31>
Babel <3.9r> and hyphenation patterns for 83 language(s) loaded.
(/usr/local/texlive/2016/texmf-dist/tex/latex/base/report.cls
Document Class: report 2014/09/29 v1.4h Standard LaTeX document class
(/usr/local/texlive/2016/texmf-dist/tex/latex/base/size11.clo
File: size11.clo 2014/09/29 v1.4h Standard LaTeX file (size option)
)
\c@part=\count79
\c@chapter=\count80
\c@section=\count81
\c@subsection=\count82
\c@subsubsection=\count83
\c@paragraph=\count84
\c@subparagraph=\count85
\c@figure=\count86
\c@table=\count87
\abovecaptionskip=\skip41
\belowcaptionskip=\skip42
\bibindent=\dimen102
)
(/usr/local/texlive/2016/texmf-dist/tex/latex/subfiles/subfiles.sty
Package: subfiles 2012/05/23 Federico Garcia

(/usr/local/texlive/2016/texmf-dist/tex/latex/tools/verbatim.sty
Package: verbatim 2014/10/28 v1.5q LaTeX2e package for verbatim enhancements
\every@verbatim=\toks14
\verbatim@line=\toks15
\verbatim@in@stream=\read1
))
(/usr/local/texlive/2016/texmf-dist/tex/latex/geometry/geometry.sty
Package: geometry 2010/09/12 v5.6 Page Geometry

(/usr/local/texlive/2016/texmf-dist/tex/latex/graphics/keyval.sty
Package: keyval 2014/10/28 v1.15 key=value parser (DPC)
\KV@toks@=\toks16
)
(/usr/local/texlive/2016/texmf-dist/tex/generic/oberdiek/ifpdf.sty
Package: ifpdf 2016/05/14 v3.1 Provides the ifpdf switch
)
(/usr/local/texlive/2016/texmf-dist/tex/generic/oberdiek/ifvtex.sty
Package: ifvtex 2016/05/16 v1.6 Detect VTeX and its facilities (HO)
Package ifvtex Info: VTeX not detected.
)
(/usr/local/texlive/2016/texmf-dist/tex/generic/ifxetex/ifxetex.sty
Package: ifxetex 2010/09/12 v0.6 Provides ifxetex conditional
)
\Gm@cnth=\count88
\Gm@cntv=\count89
\c@Gm@tempcnt=\count90
\Gm@bindingoffset=\dimen103
\Gm@wd@mp=\dimen104
\Gm@odd@mp=\dimen105
\Gm@even@mp=\dimen106
\Gm@layoutwidth=\dimen107
\Gm@layoutheight=\dimen108
\Gm@layouthoffset=\dimen109
\Gm@layoutvoffset=\dimen110
\Gm@dimlist=\toks17
)
(/usr/local/texlive/2016/texmf-dist/tex/latex/graphics/graphicx.sty
Package: graphicx 2014/10/28 v1.0g Enhanced LaTeX Graphics (DPC,SPQR)

(/usr/local/texlive/2016/texmf-dist/tex/latex/graphics/graphics.sty
Package: graphics 2016/05/09 v1.0r Standard LaTeX Graphics (DPC,SPQR)

(/usr/local/texlive/2016/texmf-dist/tex/latex/graphics/trig.sty
Package: trig 2016/01/03 v1.10 sin cos tan (DPC)
)
(/usr/local/texlive/2016/texmf-dist/tex/latex/graphics-cfg/graphics.cfg
File: graphics.cfg 2016/01/02 v1.10 sample graphics configuration
)
Package graphics Info: Driver file: pdftex.def on input line 96.

(/usr/local/texlive/2016/texmf-dist/tex/latex/pdftex-def/pdftex.def
File: pdftex.def 2011/05/27 v0.06d Graphics/color for pdfTeX

(/usr/local/texlive/2016/texmf-dist/tex/generic/oberdiek/infwarerr.sty
Package: infwarerr 2016/05/16 v1.4 Providing info/warning/error messages (HO)
)
(/usr/local/texlive/2016/texmf-dist/tex/generic/oberdiek/ltxcmds.sty
Package: ltxcmds 2016/05/16 v1.23 LaTeX kernel commands for general use (HO)
)
\Gread@gobject=\count91
))
\Gin@req@height=\dimen111
\Gin@req@width=\dimen112
)
(/usr/local/texlive/2016/texmf-dist/tex/latex/listings/listings.sty
\lst@mode=\count92
\lst@gtempboxa=\box26
\lst@token=\toks18
\lst@length=\count93
\lst@currlwidth=\dimen113
\lst@column=\count94
\lst@pos=\count95
\lst@lostspace=\dimen114
\lst@width=\dimen115
\lst@newlines=\count96
\lst@lineno=\count97
\lst@maxwidth=\dimen116

(/usr/local/texlive/2016/texmf-dist/tex/latex/listings/lstmisc.sty
File: lstmisc.sty 2015/06/04 1.6 (Carsten Heinz)
\c@lstnumber=\count98
\lst@skipnumbers=\count99
\lst@framebox=\box27
)
(/usr/local/texlive/2016/texmf-dist/tex/latex/listings/listings.cfg
File: listings.cfg 2015/06/04 1.6 listings configuration
))
Package: listings 2015/06/04 1.6 (Carsten Heinz)

(/usr/local/texlive/2016/texmf-dist/tex/latex/graphics/color.sty
Package: color 2016/05/09 v1.1c Standard LaTeX Color (DPC)

(/usr/local/texlive/2016/texmf-dist/tex/latex/graphics-cfg/color.cfg
File: color.cfg 2016/01/02 v1.6 sample color configuration
)
Package color Info: Driver file: pdftex.def on input line 144.
)
(/usr/local/texlive/2016/texmf-dist/tex/latex/hyperref/hyperref.sty
Package: hyperref 2016/05/05 v6.83n Hypertext links for LaTeX

(/usr/local/texlive/2016/texmf-dist/tex/generic/oberdiek/hobsub-hyperref.sty
Package: hobsub-hyperref 2016/05/16 v1.14 Bundle oberdiek, subset hyperref (HO)


(/usr/local/texlive/2016/texmf-dist/tex/generic/oberdiek/hobsub-generic.sty
Package: hobsub-generic 2016/05/16 v1.14 Bundle oberdiek, subset generic (HO)
Package: hobsub 2016/05/16 v1.14 Construct package bundles (HO)
Package hobsub Info: Skipping package `infwarerr' (already loaded).
Package hobsub Info: Skipping package `ltxcmds' (already loaded).
Package: ifluatex 2016/05/16 v1.4 Provides the ifluatex switch (HO)
Package ifluatex Info: LuaTeX not detected.
Package hobsub Info: Skipping package `ifvtex' (already loaded).
Package: intcalc 2016/05/16 v1.2 Expandable calculations with integers (HO)
Package hobsub Info: Skipping package `ifpdf' (already loaded).
Package: etexcmds 2016/05/16 v1.6 Avoid name clashes with e-TeX commands (HO)
Package etexcmds Info: Could not find \expanded.
(etexcmds)             That can mean that you are not using pdfTeX 1.50 or
(etexcmds)             that some package has redefined \expanded.
(etexcmds)             In the latter case, load this package earlier.
Package: kvsetkeys 2016/05/16 v1.17 Key value parser (HO)
Package: kvdefinekeys 2016/05/16 v1.4 Define keys (HO)
Package: pdftexcmds 2016/05/10 v0.21 Utility functions of pdfTeX for LuaTeX (HO
)
Package pdftexcmds Info: LuaTeX not detected.
Package pdftexcmds Info: \pdf@primitive is available.
Package pdftexcmds Info: \pdf@ifprimitive is available.
Package pdftexcmds Info: \pdfdraftmode found.
Package: pdfescape 2016/05/16 v1.14 Implements pdfTeX's escape features (HO)
Package: bigintcalc 2016/05/16 v1.4 Expandable calculations on big integers (HO
)
Package: bitset 2016/05/16 v1.2 Handle bit-vector datatype (HO)
Package: uniquecounter 2016/05/16 v1.3 Provide unlimited unique counter (HO)
)
Package hobsub Info: Skipping package `hobsub' (already loaded).
Package: letltxmacro 2016/05/16 v1.5 Let assignment for LaTeX macros (HO)
Package: hopatch 2016/05/16 v1.3 Wrapper for package hooks (HO)
Package: xcolor-patch 2016/05/16 xcolor patch
Package: atveryend 2016/05/16 v1.9 Hooks at the very end of document (HO)
Package atveryend Info: \enddocument detected (standard20110627).
Package: atbegshi 2016/05/16 v1.17 At begin shipout hook (HO)
Package: refcount 2016/05/16 v3.5 Data extraction from label references (HO)
Package: hycolor 2016/05/16 v1.8 Color options for hyperref/bookmark (HO)
)
(/usr/local/texlive/2016/texmf-dist/tex/latex/oberdiek/auxhook.sty
Package: auxhook 2016/05/16 v1.4 Hooks for auxiliary files (HO)
)
(/usr/local/texlive/2016/texmf-dist/tex/latex/oberdiek/kvoptions.sty
Package: kvoptions 2016/05/16 v3.12 Key value format for package options (HO)
)
\@linkdim=\dimen117
\Hy@linkcounter=\count100
\Hy@pagecounter=\count101

(/usr/local/texlive/2016/texmf-dist/tex/latex/hyperref/pd1enc.def
File: pd1enc.def 2016/05/05 v6.83n Hyperref: PDFDocEncoding definition (HO)
)
\Hy@SavedSpaceFactor=\count102

(/usr/local/texlive/2016/texmf-dist/tex/latex/latexconfig/hyperref.cfg
File: hyperref.cfg 2002/06/06 v1.2 hyperref configuration of TeXLive
)
Package hyperref Info: Hyper figures OFF on input line 4446.
Package hyperref Info: Link nesting OFF on input line 4451.
Package hyperref Info: Hyper index ON on input line 4454.
Package hyperref Info: Plain pages OFF on input line 4461.
Package hyperref Info: Backreferencing OFF on input line 4466.
Package hyperref Info: Implicit mode ON; LaTeX internals redefined.
Package hyperref Info: Bookmarks ON on input line 4691.
\c@Hy@tempcnt=\count103

(/usr/local/texlive/2016/texmf-dist/tex/latex/url/url.sty
\Urlmuskip=\muskip10
Package: url 2013/09/16  ver 3.4  Verb mode for urls, etc.
)
LaTeX Info: Redefining \url on input line 5044.
\XeTeXLinkMargin=\dimen118
\Fld@menulength=\count104
\Field@Width=\dimen119
\Fld@charsize=\dimen120
Package hyperref Info: Hyper figures OFF on input line 6298.
Package hyperref Info: Link nesting OFF on input line 6303.
Package hyperref Info: Hyper index ON on input line 6306.
Package hyperref Info: backreferencing OFF on input line 6313.
Package hyperref Info: Link coloring OFF on input line 6318.
Package hyperref Info: Link coloring with OCG OFF on input line 6323.
Package hyperref Info: PDF/A mode OFF on input line 6328.
LaTeX Info: Redefining \ref on input line 6368.
LaTeX Info: Redefining \pageref on input line 6372.
\Hy@abspage=\count105
\c@Item=\count106
\c@Hfootnote=\count107
)

Package hyperref Message: Driver (autodetected): hpdftex.

(/usr/local/texlive/2016/texmf-dist/tex/latex/hyperref/hpdftex.def
File: hpdftex.def 2016/05/05 v6.83n Hyperref driver for pdfTeX
\Fld@listcount=\count108
\c@bookmark@seq@number=\count109

(/usr/local/texlive/2016/texmf-dist/tex/latex/oberdiek/rerunfilecheck.sty
Package: rerunfilecheck 2016/05/16 v1.8 Rerun checks for auxiliary files (HO)
Package uniquecounter Info: New unique counter `rerunfilecheck' on input line 2
82.
)
\Hy@SectionHShift=\skip43
)
(./main.aux)
\openout1 = `main.aux'.

LaTeX Font Info:    Checking defaults for OML/cmm/m/it on input line 39.
LaTeX Font Info:    ... okay on input line 39.
LaTeX Font Info:    Checking defaults for T1/cmr/m/n on input line 39.
LaTeX Font Info:    ... okay on input line 39.
LaTeX Font Info:    Checking defaults for OT1/cmr/m/n on input line 39.
LaTeX Font Info:    ... okay on input line 39.
LaTeX Font Info:    Checking defaults for OMS/cmsy/m/n on input line 39.
LaTeX Font Info:    ... okay on input line 39.
LaTeX Font Info:    Checking defaults for OMX/cmex/m/n on input line 39.
LaTeX Font Info:    ... okay on input line 39.
LaTeX Font Info:    Checking defaults for U/cmr/m/n on input line 39.
LaTeX Font Info:    ... okay on input line 39.
LaTeX Font Info:    Checking defaults for PD1/pdf/m/n on input line 39.
LaTeX Font Info:    ... okay on input line 39.

*geometry* driver: auto-detecting
*geometry* detected driver: pdftex
*geometry* verbose mode - [ preamble ] result:
* driver: pdftex
* paper: a4paper
* layout: <same size as paper>
* layoutoffset:(h,v)=(0.0pt,0.0pt)
* modes: 
* h-part:(L,W,R)=(89.62709pt, 418.25368pt, 89.6271pt)
* v-part:(T,H,B)=(101.40665pt, 591.5302pt, 152.11pt)
* \paperwidth=597.50787pt
* \paperheight=845.04684pt
* \textwidth=418.25368pt
* \textheight=591.5302pt
* \oddsidemargin=17.3571pt
* \evensidemargin=17.3571pt
* \topmargin=-7.86334pt
* \headheight=12.0pt
* \headsep=25.0pt
* \topskip=11.0pt
* \footskip=30.0pt
* \marginparwidth=50.0pt
* \marginparsep=10.0pt
* \columnsep=10.0pt
* \skip\footins=10.0pt plus 4.0pt minus 2.0pt
* \hoffset=0.0pt
* \voffset=0.0pt
* \mag=1000
* \@twocolumnfalse
* \@twosidefalse
* \@mparswitchfalse
* \@reversemarginfalse
* (1in=72.27pt=25.4mm, 1cm=28.453pt)

(/usr/local/texlive/2016/texmf-dist/tex/context/base/mkii/supp-pdf.mkii
[Loading MPS to PDF converter (version 2006.09.02).]
\scratchcounter=\count110
\scratchdimen=\dimen121
\scratchbox=\box28
\nofMPsegments=\count111
\nofMParguments=\count112
\everyMPshowfont=\toks19
\MPscratchCnt=\count113
\MPscratchDim=\dimen122
\MPnumerator=\count114
\makeMPintoPDFobject=\count115
\everyMPtoPDFconversion=\toks20
) (/usr/local/texlive/2016/texmf-dist/tex/latex/oberdiek/epstopdf-base.sty
Package: epstopdf-base 2016/05/15 v2.6 Base part for package epstopdf

(/usr/local/texlive/2016/texmf-dist/tex/latex/oberdiek/grfext.sty
Package: grfext 2016/05/16 v1.2 Manage graphics extensions (HO)
)
Package grfext Info: Graphics extension search list:
(grfext)             [.png,.pdf,.jpg,.mps,.jpeg,.jbig2,.jb2,.PNG,.PDF,.JPG,.JPE
G,.JBIG2,.JB2,.eps]
(grfext)             \AppendGraphicsExtensions on input line 456.

(/usr/local/texlive/2016/texmf-dist/tex/latex/latexconfig/epstopdf-sys.cfg
File: epstopdf-sys.cfg 2010/07/13 v1.3 Configuration of (r)epstopdf for TeX Liv
e
))
\c@lstlisting=\count116
\AtBeginShipoutBox=\box29
Package hyperref Info: Link coloring OFF on input line 39.

(/usr/local/texlive/2016/texmf-dist/tex/latex/hyperref/nameref.sty
Package: nameref 2012/10/27 v2.43 Cross-referencing by name of section

(/usr/local/texlive/2016/texmf-dist/tex/generic/oberdiek/gettitlestring.sty
Package: gettitlestring 2016/05/16 v1.5 Cleanup title references (HO)
)
\c@section@level=\count117
)
LaTeX Info: Redefining \ref on input line 39.
LaTeX Info: Redefining \pageref on input line 39.
LaTeX Info: Redefining \nameref on input line 39.

(./main.out) (./main.out)
\@outlinefile=\write3
\openout3 = `main.out'.

 (./titlepage.tex
<./pics/siit.png, id=140, 247.92625pt x 250.9375pt>
File: ./pics/siit.png Graphic file (type png)
 <use ./pics/siit.png>
Package pdftex.def Info: ./pics/siit.png used on input line 5.
(pdftex.def)             Requested size: 56.90456pt x 56.90265pt.

[1

{/usr/local/texlive/2016/texmf-var/fonts/map/pdftex/updmap/pdftex.map} <./pics/
siit.png>]) (./abstract.texpdfTeX warning (ext4): destination with the same ide
ntifier (name{page.1}) has been already used, duplicate ignored
<to be read again> 
                   \relax 
l.4 \end{abstract}
                   [1

]) (./main.toc
LaTeX Font Info:    External font `cmex10' loaded for size
(Font)              <10.95> on input line 3.
LaTeX Font Info:    External font `cmex10' loaded for size
(Font)              <8> on input line 3.
LaTeX Font Info:    External font `cmex10' loaded for size
(Font)              <6> on input line 3.
pdfTeX warning (ext4): destination with the same identifier (name{page.1}) has 
been already used, duplicate ignored
<to be read again> 
                   \relax 
l.71 ...}{\numberline {A}Appendix}{38}{appendix.A}
                                                   [1

])
\tf@toc=\write4
\openout4 = `main.toc'.

 [2] (./main.lof
[3

])
\tf@lof=\write5
\openout5 = `main.lof'.

 (./part1.tex [4]
Chapter 1.
[5

]
Overfull \hbox (1.79088pt too wide) in paragraph at lines 56--58
\OT1/cmr/m/n/10.95 dio, sta-tis-ti-cal, com-bi-na-tions). There are phys-i-cal 
(pa-per/print) and elec-tronic databases.
 []

[6]) (./part2.tex [7]
Chapter 2.
<./pics/finaler.png, id=346, 1133.23375pt x 1002.74625pt>
File: ./pics/finaler.png Graphic file (type png)

<use ./pics/finaler.png>
Package pdftex.def Info: ./pics/finaler.png used on input line 8.
(pdftex.def)             Requested size: 418.25368pt x 370.09227pt.


LaTeX Warning: `!h' float specifier changed to `!ht'.

[8

] <./pics/finaldataflow.png, id=363, 890.32625pt x 747.79375pt>
File: ./pics/finaldataflow.png Graphic file (type png)

<use ./pics/finaldataflow.png>
Package pdftex.def Info: ./pics/finaldataflow.png used on input line 34.
(pdftex.def)             Requested size: 418.25368pt x 351.29195pt.


LaTeX Warning: `h' float specifier changed to `ht'.

[9 <./pics/finaler.png>] <./pics/context.jpg, id=368, 1324.95pt x 780.9175pt>
File: ./pics/context.jpg Graphic file (type jpg)

<use ./pics/context.jpg>
Package pdftex.def Info: ./pics/context.jpg used on input line 44.
(pdftex.def)             Requested size: 418.25368pt x 246.5146pt.


LaTeX Warning: `h' float specifier changed to `ht'.

[10 <./pics/finaldataflow.png>] [11 <./pics/context.jpg>]) (./part3.tex
[12]
Chapter 3.
<./pics/ch3_1.png, id=403, 406.51875pt x 115.43124pt>
File: ./pics/ch3_1.png Graphic file (type png)
 <use ./pics/ch3_1.png>
Package pdftex.def Info: ./pics/ch3_1.png used on input line 10.
(pdftex.def)             Requested size: 406.51775pt x 115.43095pt.

[13

 <./pics/ch3_1.png>]
Underfull \hbox (badness 10000) in paragraph at lines 43--45

 []

[14] <./pics/Booking.png, id=425, 761.84625pt x 218.31563pt>
File: ./pics/Booking.png Graphic file (type png)

<use ./pics/Booking.png>
Package pdftex.def Info: ./pics/Booking.png used on input line 48.
(pdftex.def)             Requested size: 418.25368pt x 119.8541pt.

<./pics/Message.png, id=426, 742.27313pt x 94.85437pt>
File: ./pics/Message.png Graphic file (type png)

<use ./pics/Message.png>
Package pdftex.def Info: ./pics/Message.png used on input line 52.
(pdftex.def)             Requested size: 418.25368pt x 53.44952pt.
 <./pics/payment.png, id=427, 761.84625pt x 252.945pt>
File: ./pics/payment.png Graphic file (type png)

<use ./pics/payment.png>
Package pdftex.def Info: ./pics/payment.png used on input line 56.
(pdftex.def)             Requested size: 418.25368pt x 138.86543pt.
 <./pics/request.png, id=428, 754.82pt x 174.15062pt>
File: ./pics/request.png Graphic file (type png)

<use ./pics/request.png>
Package pdftex.def Info: ./pics/request.png used on input line 60.
(pdftex.def)             Requested size: 418.25368pt x 96.49796pt.
 <./pics/room.png, id=429, 745.28438pt x 94.3525pt>
File: ./pics/room.png Graphic file (type png)

<use ./pics/room.png>
Package pdftex.def Info: ./pics/room.png used on input line 64.
(pdftex.def)             Requested size: 418.25368pt x 52.94933pt.
 <./pics/roomtype.png, id=430, 714.67pt x 230.36063pt>
File: ./pics/roomtype.png Graphic file (type png)

<use ./pics/roomtype.png>
Package pdftex.def Info: ./pics/roomtype.png used on input line 68.
(pdftex.def)             Requested size: 418.25368pt x 134.8184pt.

<./pics/service.png, id=431, 747.79375pt x 70.76437pt>
File: ./pics/service.png Graphic file (type png)

<use ./pics/service.png>
Package pdftex.def Info: ./pics/service.png used on input line 72.
(pdftex.def)             Requested size: 418.25368pt x 39.58026pt.

<./pics/specialoffer.png, id=432, 760.8425pt x 146.04562pt>
File: ./pics/specialoffer.png Graphic file (type png)

<use ./pics/specialoffer.png>
Package pdftex.def Info: ./pics/specialoffer.png used on input line 76.
(pdftex.def)             Requested size: 418.25368pt x 80.28743pt.

<./pics/staff.png, id=433, 760.8425pt x 154.07562pt>
File: ./pics/staff.png Graphic file (type png)
 <use ./pics/staff.png>
Package pdftex.def Info: ./pics/staff.png used on input line 80.
(pdftex.def)             Requested size: 418.25368pt x 84.70187pt.

<./pics/user.png, id=434, 713.16437pt x 196.735pt>
File: ./pics/user.png Graphic file (type png)
 <use ./pics/user.png>
Package pdftex.def Info: ./pics/user.png used on input line 84.
(pdftex.def)             Requested size: 418.25368pt x 115.37918pt.

<./pics/usergroup.png, id=435, 709.14937pt x 54.2025pt>
File: ./pics/usergroup.png Graphic file (type png)

<use ./pics/usergroup.png>
Package pdftex.def Info: ./pics/usergroup.png used on input line 88.
(pdftex.def)             Requested size: 418.25368pt x 31.96927pt.

<./pics/usergrouphasmessage.png, id=436, 752.8125pt x 57.71562pt>
File: ./pics/usergrouphasmessage.png Graphic file (type png)

<use ./pics/usergrouphasmessage.png>
Package pdftex.def Info: ./pics/usergrouphasmessage.png used on input line 92.
(pdftex.def)             Requested size: 418.25368pt x 32.06688pt.

Underfull \hbox (badness 10000) in paragraph at lines 97--98

 []

[15 <./pics/Booking.png> <./pics/Message.png> <./pics/payment.png>] [16 <./pics
/request.png> <./pics/room.png> <./pics/roomtype.png> <./pics/service.png> <./p
ics/specialoffer.png>] [17 <./pics/staff.png> <./pics/user.png> <./pics/usergro
up.png> <./pics/usergrouphasmessage.png>]
Underfull \hbox (badness 10000) in paragraph at lines 101--102

 []

<./pics/tsBooking.png, id=464, 758.33313pt x 141.02687pt>
File: ./pics/tsBooking.png Graphic file (type png)

<use ./pics/tsBooking.png>
Package pdftex.def Info: ./pics/tsBooking.png used on input line 104.
(pdftex.def)             Requested size: 418.25368pt x 77.78235pt.

<./pics/tsMessage.png, id=465, 383.4325pt x 212.29312pt>
File: ./pics/tsMessage.png Graphic file (type png)

<use ./pics/tsMessage.png>
Package pdftex.def Info: ./pics/tsMessage.png used on input line 108.
(pdftex.def)             Requested size: 418.25368pt x 231.58603pt.

<./pics/tsPayment.png, id=466, 526.46687pt x 134.5025pt>
File: ./pics/tsPayment.png Graphic file (type png)

<use ./pics/tsPayment.png>
Package pdftex.def Info: ./pics/tsPayment.png used on input line 112.
(pdftex.def)             Requested size: 418.25368pt x 106.86124pt.

<./pics/tsrequest.png, id=467, 601.24625pt x 137.51375pt>
File: ./pics/tsrequest.png Graphic file (type png)

<use ./pics/tsrequest.png>
Package pdftex.def Info: ./pics/tsrequest.png used on input line 116.
(pdftex.def)             Requested size: 418.25368pt x 95.66304pt.

<./pics/tsRoom.png, id=468, 271.51437pt x 162.6075pt>
File: ./pics/tsRoom.png Graphic file (type png)
 <use ./pics/tsRoom.png>
Package pdftex.def Info: ./pics/tsRoom.png used on input line 120.
(pdftex.def)             Requested size: 418.25368pt x 250.50067pt.

<./pics/tsRoomtype.png, id=469, 610.78188pt x 76.78688pt>
File: ./pics/tsRoomtype.png Graphic file (type png)

<use ./pics/tsRoomtype.png>
Package pdftex.def Info: ./pics/tsRoomtype.png used on input line 124.
(pdftex.def)             Requested size: 418.25368pt x 52.58463pt.

<./pics/tsService.png, id=470, 188.705pt x 187.70125pt>
File: ./pics/tsService.png Graphic file (type png)

<use ./pics/tsService.png>
Package pdftex.def Info: ./pics/tsService.png used on input line 128.
(pdftex.def)             Requested size: 418.25368pt x 416.06587pt.

<./pics/tsSpecialoffer.png, id=471, 294.09875pt x 50.68938pt>
File: ./pics/tsSpecialoffer.png Graphic file (type png)

<use ./pics/tsSpecialoffer.png>
Package pdftex.def Info: ./pics/tsSpecialoffer.png used on input line 132.
(pdftex.def)             Requested size: 418.25368pt x 72.08846pt.

<./pics/tsStaff.png, id=472, 343.2825pt x 209.78375pt>
File: ./pics/tsStaff.png Graphic file (type png)

<use ./pics/tsStaff.png>
Package pdftex.def Info: ./pics/tsStaff.png used on input line 136.
(pdftex.def)             Requested size: 418.25368pt x 255.59967pt.

<./pics/tsUser.png, id=473, 616.80438pt x 281.55188pt>
File: ./pics/tsUser.png Graphic file (type png)
 <use ./pics/tsUser.png>
Package pdftex.def Info: ./pics/tsUser.png used on input line 140.
(pdftex.def)             Requested size: 418.25368pt x 190.9243pt.

<./pics/tsUsergroup.png, id=474, 156.08313pt x 92.345pt>
File: ./pics/tsUsergroup.png Graphic file (type png)

<use ./pics/tsUsergroup.png>
Package pdftex.def Info: ./pics/tsUsergroup.png used on input line 144.
(pdftex.def)             Requested size: 418.25368pt x 247.48749pt.

<./pics/tsusergrouphasmessage.png, id=475, 239.39438pt x 74.2775pt>
File: ./pics/tsusergrouphasmessage.png Graphic file (type png)

<use ./pics/tsusergrouphasmessage.png>
Package pdftex.def Info: ./pics/tsusergrouphasmessage.png used on input line 14
8.
(pdftex.def)             Requested size: 418.25368pt x 129.78241pt.
 [18 <./pics/tsBooking.png> <./pics/tsMessage.png>] [19 <./pics/tsPayment.png> 
<./pics/tsrequest.png> <./pics/tsRoom.png>] [20 <./pics/tsRoomtype.png> <./pics
/tsService.png>] [21 <./pics/tsSpecialoffer.png> <./pics/tsStaff.png>] [22 <./p
ics/tsUser.png> <./pics/tsUsergroup.png>] <./pics/editstaff.png, id=508, 948.04
187pt x 448.17438pt>
File: ./pics/editstaff.png Graphic file (type png)

<use ./pics/editstaff.png>
Package pdftex.def Info: ./pics/editstaff.png used on input line 159.
(pdftex.def)             Requested size: 418.25368pt x 197.7239pt.

<./pics/home1.png, id=509, 950.55125pt x 452.18938pt>
File: ./pics/home1.png Graphic file (type png)
 <use ./pics/home1.png>
Package pdftex.def Info: ./pics/home1.png used on input line 163.
(pdftex.def)             Requested size: 418.25368pt x 198.97083pt.

<./pics/home2.png, id=510, 952.05687pt x 451.18562pt>
File: ./pics/home2.png Graphic file (type png)
 <use ./pics/home2.png>
Package pdftex.def Info: ./pics/home2.png used on input line 167.
(pdftex.def)             Requested size: 418.25368pt x 198.21248pt.

<./pics/home3.png, id=511, 949.04562pt x 246.42062pt>
File: ./pics/home3.png Graphic file (type png)
 <use ./pics/home3.png>
Package pdftex.def Info: ./pics/home3.png used on input line 171.
(pdftex.def)             Requested size: 418.25368pt x 108.59836pt.

<./pics/login.png, id=512, 693.59125pt x 370.38374pt>
File: ./pics/login.png Graphic file (type png)
 <use ./pics/login.png>
Package pdftex.def Info: ./pics/login.png used on input line 175.
(pdftex.def)             Requested size: 418.25368pt x 223.35661pt.

<./pics/myprofile.png, id=513, 948.04187pt x 449.17813pt>
File: ./pics/myprofile.png Graphic file (type png)

<use ./pics/myprofile.png>
Package pdftex.def Info: ./pics/myprofile.png used on input line 179.
(pdftex.def)             Requested size: 418.25368pt x 198.16673pt.

<./pics/roomfunction.png, id=514, 949.5475pt x 449.17813pt>
File: ./pics/roomfunction.png Graphic file (type png)

<use ./pics/roomfunction.png>
Package pdftex.def Info: ./pics/roomfunction.png used on input line 183.
(pdftex.def)             Requested size: 418.25368pt x 197.85146pt.

<./pics/staffdashboard.png, id=515, 950.04938pt x 450.68375pt>
File: ./pics/staffdashboard.png Graphic file (type png)

<use ./pics/staffdashboard.png>
Package pdftex.def Info: ./pics/staffdashboard.png used on input line 187.
(pdftex.def)             Requested size: 418.25368pt x 198.41148pt.

<./pics/transaction.png, id=516, 945.03062pt x 445.665pt>
File: ./pics/transaction.png Graphic file (type png)

<use ./pics/transaction.png>
Package pdftex.def Info: ./pics/transaction.png used on input line 191.
(pdftex.def)             Requested size: 418.25368pt x 197.24925pt.

<./pics/userdashboard.png, id=517, 961.5925pt x 455.20062pt>
File: ./pics/userdashboard.png Graphic file (type png)

<use ./pics/userdashboard.png>
Package pdftex.def Info: ./pics/userdashboard.png used on input line 195.
(pdftex.def)             Requested size: 418.25368pt x 197.99677pt.
) (./part4.tex [23 <./pics/tsusergrouphasmessage.png> <./pics/editstaff.png>] [
24 <./pics/home1.png> <./pics/home2.png>]
[25 <./pics/home3.png> <./pics/login.png>] [26 <./pics/myprofile.png> <./pics/r
oomfunction.png>] [27 <./pics/staffdashboard.png> <./pics/transaction.png>]
[28 <./pics/userdashboard.png>]
Chapter 4.
(/usr/local/texlive/2016/texmf-dist/tex/latex/listings/lstlang1.sty
File: lstlang1.sty 2015/06/04 1.6 listings language file
) [29

]
[30] [31]) (./part5.tex [32]
Chapter 5.
LaTeX Font Info:    Try loading font information for OMS+cmr on input line 11.
(/usr/local/texlive/2016/texmf-dist/tex/latex/base/omscmr.fd
File: omscmr.fd 2014/09/29 v2.5h Standard LaTeX font definitions
)
LaTeX Font Info:    Font shape `OMS/cmr/m/n' in size <10.95> not available
(Font)              Font shape `OMS/cmsy/m/n' tried instead on input line 11.

<./pics/views.png, id=666, 1094.0875pt x 252.945pt>
File: ./pics/views.png Graphic file (type png)
 <use ./pics/views.png>
Package pdftex.def Info: ./pics/views.png used on input line 17.
(pdftex.def)             Requested size: 418.25368pt x 96.69904pt.

<./pics/foreignkey.png, id=667, 1171.37625pt x 548.0475pt>
File: ./pics/foreignkey.png Graphic file (type png)

<use ./pics/foreignkey.png>
Package pdftex.def Info: ./pics/foreignkey.png used on input line 22.
(pdftex.def)             Requested size: 418.25368pt x 195.69135pt.


LaTeX Warning: `!h' float specifier changed to `!ht'.

[33

 <./pics/views.png>]
<./pics/phpmyadmin.png, id=676, 1438.37375pt x 730.73pt>
File: ./pics/phpmyadmin.png Graphic file (type png)

<use ./pics/phpmyadmin.png>
Package pdftex.def Info: ./pics/phpmyadmin.png used on input line 42.
(pdftex.def)             Requested size: 418.25368pt x 212.48607pt.


LaTeX Warning: `!h' float specifier changed to `!ht'.

<./pics/terminal.png, id=677, 613.29124pt x 391.4625pt>
File: ./pics/terminal.png Graphic file (type png)

<use ./pics/terminal.png>
Package pdftex.def Info: ./pics/terminal.png used on input line 46.
(pdftex.def)             Requested size: 418.25368pt x 266.97346pt.


LaTeX Warning: `!h' float specifier changed to `!ht'.

<./pics/workbench.png, id=678, 1445.4pt x 836.12375pt>
File: ./pics/workbench.png Graphic file (type png)

<use ./pics/workbench.png>
Package pdftex.def Info: ./pics/workbench.png used on input line 50.
(pdftex.def)             Requested size: 418.25368pt x 241.94658pt.


LaTeX Warning: `!h' float specifier changed to `!ht'.

<./pics/atom.png, id=679, 119.44624pt x 116.435pt>
File: ./pics/atom.png Graphic file (type png)
 <use ./pics/atom.png>
Package pdftex.def Info: ./pics/atom.png used on input line 56.
(pdftex.def)             Requested size: 119.44594pt x 116.43471pt.


LaTeX Warning: `!h' float specifier changed to `!ht'.

<./pics/git.png, id=680, 1047.915pt x 652.4375pt>
File: ./pics/git.png Graphic file (type png)
 <use ./pics/git.png>
Package pdftex.def Info: ./pics/git.png used on input line 62.
(pdftex.def)             Requested size: 418.25368pt x 260.40291pt.


LaTeX Warning: `!h' float specifier changed to `!ht'.

) (./appendix.tex [34 <./pics/foreignkey.png>] [35 <./pics/phpmyadmin.png> <./p
ics/terminal.png>] [36 <./pics/workbench.png> <./pics/atom.png>] [37 <./pics/gi
t.png>]
Appendix A.
(./cufinal.sql [38

] [39] [40] [41] [42] [43] [44] [45] [46] [47] [48] [49]
[50] [51] [52] [53] [54] [55] [56]) (./line-count.txt [57] [58] [59]))
Package atveryend Info: Empty hook `BeforeClearDocument' on input line 74.
 [60]
Package atveryend Info: Empty hook `AfterLastShipout' on input line 74.

(./main.aux)
Package atveryend Info: Executing hook `AtVeryEndDocument' on input line 74.
Package atveryend Info: Executing hook `AtEndAfterFileList' on input line 74.
Package rerunfilecheck Info: File `main.out' has not changed.
(rerunfilecheck)             Checksum: 4CEA03645D97BF0B233A02C798EB6979;2345.
Package atveryend Info: Empty hook `AtVeryVeryEnd' on input line 74.
 ) 
Here is how much of TeX's memory you used:
 8989 strings out of 493014
 134623 string characters out of 6133352
 503709 words of memory out of 5000000
 11070 multiletter control sequences out of 15000+600000
 9911 words of font info for 36 fonts, out of 8000000 for 9000
 1141 hyphenation exceptions out of 8191
 32i,6n,43p,1029b,1797s stack positions out of 5000i,500n,10000p,200000b,80000s
</usr/local/texlive/2016/texmf-dist/fonts/type1/public/amsfonts/cm/cmbx10.pfb
></usr/local/texlive/2016/texmf-dist/fonts/type1/public/amsfonts/cm/cmbx12.pfb>
</usr/local/texlive/2016/texmf-dist/fonts/type1/public/amsfonts/cm/cmitt10.pfb>
</usr/local/texlive/2016/texmf-dist/fonts/type1/public/amsfonts/cm/cmr10.pfb></
usr/local/texlive/2016/texmf-dist/fonts/type1/public/amsfonts/cm/cmr6.pfb></usr
/local/texlive/2016/texmf-dist/fonts/type1/public/amsfonts/cm/cmr8.pfb></usr/lo
cal/texlive/2016/texmf-dist/fonts/type1/public/amsfonts/cm/cmsy10.pfb></usr/loc
al/texlive/2016/texmf-dist/fonts/type1/public/amsfonts/cm/cmtt10.pfb></usr/loca
l/texlive/2016/texmf-dist/fonts/type1/public/amsfonts/cm/cmtt9.pfb>
Output written on main.pdf (62 pages, 19580103 bytes).
PDF statistics:
 2126 PDF objects out of 2487 (max. 8388607)
 1943 compressed objects within 20 object streams
 1322 named destinations out of 1440 (max. 500000)
 503 words of extra memory for PDF output out of 10000 (max. 10000000)

